<?xml version="1.0" encoding="UTF-8"?>
<!-- Generated by org.testng.reporters.JUnitReportReporter -->
<testsuite hostname="LAPTOP-2GS32DIE" failures="0" tests="1" name="testCases.TC005_ProductAddToCartTest" time="7.310" errors="0" timestamp="2024-10-28T21:29:46 IST" skipped="0">
  <testcase classname="testCases.TC005_ProductAddToCartTest" name="AddtoCartTest" time="7.310"/>
</testsuite> <!-- testCases.TC005_ProductAddToCartTest -->
