<?xml version="1.0" encoding="UTF-8"?>
<!-- Generated by org.testng.reporters.JUnitReportReporter -->
<testsuite hostname="LAPTOP-2GS32DIE" failures="0" tests="1" name="testCases.TC004_ProductListTest" time="2.777" errors="0" timestamp="2024-10-27T12:55:35 IST" skipped="0">
  <testcase classname="testCases.TC004_ProductListTest" name="ProductsListTest" time="2.777"/>
</testsuite> <!-- testCases.TC004_ProductListTest -->
