<?xml version="1.0" encoding="UTF-8"?>
<!-- Generated by org.testng.reporters.JUnitReportReporter -->
<testsuite hostname="LAPTOP-2GS32DIE" failures="0" tests="1" name="testCases.TC007_ShopingCartTest" time="12.856" errors="0" timestamp="2024-10-29T14:36:53 IST" skipped="0">
  <testcase classname="testCases.TC007_ShopingCartTest" name="ShoppingCartTest" time="12.856"/>
</testsuite> <!-- testCases.TC007_ShopingCartTest -->
