<?xml version="1.0" encoding="UTF-8"?>
<!-- Generated by org.testng.reporters.JUnitReportReporter -->
<testsuite hostname="LAPTOP-2GS32DIE" failures="0" tests="1" name="testCases.TC002_LoginTest" time="5.669" errors="0" timestamp="2024-10-24T20:57:26 IST" skipped="0">
  <testcase classname="testCases.TC002_LoginTest" name="Login_Test" time="5.669"/>
</testsuite> <!-- testCases.TC002_LoginTest -->
