<?xml version="1.0" encoding="UTF-8"?>
<!-- Generated by org.testng.reporters.JUnitReportReporter -->
<testsuite hostname="LAPTOP-2GS32DIE" failures="0" tests="1" name="testCases.TC001_AccountRegisteration" time="11.033" errors="0" timestamp="2024-10-24T18:57:47 IST" skipped="0">
  <testcase classname="testCases.TC001_AccountRegisteration" name="Account_Registeration_Test" time="11.033"/>
</testsuite> <!-- testCases.TC001_AccountRegisteration -->
